
=== Tue Aug  9 20:27:33 2022

Packages were changed.
Update Mode: mergeDefaultDependencies

The following packages were added:
  com.unity.2d.sprite@1.0.0
  com.unity.analytics@3.6.12
  com.unity.burst@1.7.0
  com.unity.editorcoroutines@1.0.0
  com.unity.inputsystem@1.3.0
  com.unity.postprocessing@3.2.1
The following packages were updated:
  com.unity.ide.rider from version 2.0.7 to 3.0.12

=== Mon Oct  3 19:16:20 2022

Packages were changed.
Update Mode: updateDependencies

The following packages were updated:
  com.unity.collab-proxy from version 1.15.15 to 1.17.2
  com.unity.ide.rider from version 3.0.12 to 3.0.15
  com.unity.ide.visualstudio from version 2.0.14 to 2.0.16
  com.unity.inputsystem from version 1.3.0 to 1.4.2
  com.unity.timeline from version 1.4.8 to 1.6.4
